C:\my project\Workspaces\Workspace\OmaimaApp\WebApplication\WebApplication\Vaccine-locator\dist\out-tsc\e2e\src\app.po.js
C:\my project\Workspaces\Workspace\OmaimaApp\WebApplication\WebApplication\Vaccine-locator\dist\out-tsc\e2e\src\app.po.js.map
C:\my project\Workspaces\Workspace\OmaimaApp\WebApplication\WebApplication\Vaccine-locator\dist\out-tsc\e2e\src\app.e2e-spec.js
C:\my project\Workspaces\Workspace\OmaimaApp\WebApplication\WebApplication\Vaccine-locator\dist\out-tsc\e2e\src\app.e2e-spec.js.map
C:\my project\Workspaces\Workspace\OmaimaApp\WebApplication\WebApplication\Vaccine-locator\dist\out-tsc\src\app\add-alerts\add-alerts.component.js
C:\my project\Workspaces\Workspace\OmaimaApp\WebApplication\WebApplication\Vaccine-locator\dist\out-tsc\src\app\add-alerts\add-alerts.component.js.map
C:\my project\Workspaces\Workspace\OmaimaApp\WebApplication\WebApplication\Vaccine-locator\dist\out-tsc\src\app\addcenter\addcenter.component.js
C:\my project\Workspaces\Workspace\OmaimaApp\WebApplication\WebApplication\Vaccine-locator\dist\out-tsc\src\app\addcenter\addcenter.component.js.map
C:\my project\Workspaces\Workspace\OmaimaApp\WebApplication\WebApplication\Vaccine-locator\dist\out-tsc\src\app\details\details.component.js
C:\my project\Workspaces\Workspace\OmaimaApp\WebApplication\WebApplication\Vaccine-locator\dist\out-tsc\src\app\details\details.component.js.map
C:\my project\Workspaces\Workspace\OmaimaApp\WebApplication\WebApplication\Vaccine-locator\dist\out-tsc\src\app\FAQ\FAQ.component.js
C:\my project\Workspaces\Workspace\OmaimaApp\WebApplication\WebApplication\Vaccine-locator\dist\out-tsc\src\app\FAQ\FAQ.component.js.map
C:\my project\Workspaces\Workspace\OmaimaApp\WebApplication\WebApplication\Vaccine-locator\dist\out-tsc\src\app\app-service.service.js
C:\my project\Workspaces\Workspace\OmaimaApp\WebApplication\WebApplication\Vaccine-locator\dist\out-tsc\src\app\app-service.service.js.map
C:\my project\Workspaces\Workspace\OmaimaApp\WebApplication\WebApplication\Vaccine-locator\dist\out-tsc\src\app\home\home.component.js
C:\my project\Workspaces\Workspace\OmaimaApp\WebApplication\WebApplication\Vaccine-locator\dist\out-tsc\src\app\home\home.component.js.map
C:\my project\Workspaces\Workspace\OmaimaApp\WebApplication\WebApplication\Vaccine-locator\dist\out-tsc\src\app\app-routing.module.js
C:\my project\Workspaces\Workspace\OmaimaApp\WebApplication\WebApplication\Vaccine-locator\dist\out-tsc\src\app\app-routing.module.js.map
C:\my project\Workspaces\Workspace\OmaimaApp\WebApplication\WebApplication\Vaccine-locator\dist\out-tsc\src\app\app.component.js
C:\my project\Workspaces\Workspace\OmaimaApp\WebApplication\WebApplication\Vaccine-locator\dist\out-tsc\src\app\app.component.js.map
C:\my project\Workspaces\Workspace\OmaimaApp\WebApplication\WebApplication\Vaccine-locator\dist\out-tsc\src\app\nav-bar\nav-bar.component.js
C:\my project\Workspaces\Workspace\OmaimaApp\WebApplication\WebApplication\Vaccine-locator\dist\out-tsc\src\app\nav-bar\nav-bar.component.js.map
C:\my project\Workspaces\Workspace\OmaimaApp\WebApplication\WebApplication\Vaccine-locator\dist\out-tsc\src\app\app.module.js
C:\my project\Workspaces\Workspace\OmaimaApp\WebApplication\WebApplication\Vaccine-locator\dist\out-tsc\src\app\app.module.js.map
C:\my project\Workspaces\Workspace\OmaimaApp\WebApplication\WebApplication\Vaccine-locator\dist\out-tsc\src\environments\environment.js
C:\my project\Workspaces\Workspace\OmaimaApp\WebApplication\WebApplication\Vaccine-locator\dist\out-tsc\src\environments\environment.js.map
C:\my project\Workspaces\Workspace\OmaimaApp\WebApplication\WebApplication\Vaccine-locator\dist\out-tsc\src\main.js
C:\my project\Workspaces\Workspace\OmaimaApp\WebApplication\WebApplication\Vaccine-locator\dist\out-tsc\src\main.js.map
C:\my project\Workspaces\Workspace\OmaimaApp\WebApplication\WebApplication\Vaccine-locator\dist\out-tsc\src\polyfills.js
C:\my project\Workspaces\Workspace\OmaimaApp\WebApplication\WebApplication\Vaccine-locator\dist\out-tsc\src\polyfills.js.map
C:\my project\Workspaces\Workspace\OmaimaApp\WebApplication\WebApplication\Vaccine-locator\dist\out-tsc\src\test.js
C:\my project\Workspaces\Workspace\OmaimaApp\WebApplication\WebApplication\Vaccine-locator\dist\out-tsc\src\test.js.map
C:\my project\Workspaces\Workspace\OmaimaApp\WebApplication\WebApplication\Vaccine-locator\dist\out-tsc\src\app\app-service.service.spec.js
C:\my project\Workspaces\Workspace\OmaimaApp\WebApplication\WebApplication\Vaccine-locator\dist\out-tsc\src\app\app-service.service.spec.js.map
C:\my project\Workspaces\Workspace\OmaimaApp\WebApplication\WebApplication\Vaccine-locator\dist\out-tsc\src\app\app.component.spec.js
C:\my project\Workspaces\Workspace\OmaimaApp\WebApplication\WebApplication\Vaccine-locator\dist\out-tsc\src\app\app.component.spec.js.map
C:\my project\Workspaces\Workspace\OmaimaApp\WebApplication\WebApplication\Vaccine-locator\dist\out-tsc\src\app\FAQ\FAQ.component.spec.js
C:\my project\Workspaces\Workspace\OmaimaApp\WebApplication\WebApplication\Vaccine-locator\dist\out-tsc\src\app\FAQ\FAQ.component.spec.js.map
C:\my project\Workspaces\Workspace\OmaimaApp\WebApplication\WebApplication\Vaccine-locator\dist\out-tsc\src\app\add-alerts\add-alerts.component.spec.js
C:\my project\Workspaces\Workspace\OmaimaApp\WebApplication\WebApplication\Vaccine-locator\dist\out-tsc\src\app\add-alerts\add-alerts.component.spec.js.map
C:\my project\Workspaces\Workspace\OmaimaApp\WebApplication\WebApplication\Vaccine-locator\dist\out-tsc\src\app\addcenter\addcenter.component.spec.js
C:\my project\Workspaces\Workspace\OmaimaApp\WebApplication\WebApplication\Vaccine-locator\dist\out-tsc\src\app\addcenter\addcenter.component.spec.js.map
C:\my project\Workspaces\Workspace\OmaimaApp\WebApplication\WebApplication\Vaccine-locator\dist\out-tsc\src\app\details\details.component.spec.js
C:\my project\Workspaces\Workspace\OmaimaApp\WebApplication\WebApplication\Vaccine-locator\dist\out-tsc\src\app\details\details.component.spec.js.map
C:\my project\Workspaces\Workspace\OmaimaApp\WebApplication\WebApplication\Vaccine-locator\dist\out-tsc\src\app\home\home.component.spec.js
C:\my project\Workspaces\Workspace\OmaimaApp\WebApplication\WebApplication\Vaccine-locator\dist\out-tsc\src\app\home\home.component.spec.js.map
C:\my project\Workspaces\Workspace\OmaimaApp\WebApplication\WebApplication\Vaccine-locator\dist\out-tsc\src\app\nav-bar\nav-bar.component.spec.js
C:\my project\Workspaces\Workspace\OmaimaApp\WebApplication\WebApplication\Vaccine-locator\dist\out-tsc\src\app\nav-bar\nav-bar.component.spec.js.map
C:\my project\Workspaces\Workspace\OmaimaApp\WebApplication\WebApplication\Vaccine-locator\dist\out-tsc\src\environments\environment.prod.js
C:\my project\Workspaces\Workspace\OmaimaApp\WebApplication\WebApplication\Vaccine-locator\dist\out-tsc\src\environments\environment.prod.js.map
